c:\users\pedro franco.desktop-0us9thk\desktop\poo1718\tp_poo\tp_poo\debug\vc141.pdb
c:\users\pedro franco.desktop-0us9thk\desktop\poo1718\tp_poo\tp_poo\debug\vc141.idb
c:\users\pedro franco.desktop-0us9thk\desktop\poo1718\tp_poo\tp_poo\debug\consola.obj
c:\users\pedro franco.desktop-0us9thk\desktop\poo1718\tp_poo\tp_poo\debug\formiga.obj
c:\users\pedro franco.desktop-0us9thk\desktop\poo1718\tp_poo\tp_poo\debug\interface.obj
c:\users\pedro franco.desktop-0us9thk\desktop\poo1718\tp_poo\tp_poo\debug\migalha.obj
c:\users\pedro franco.desktop-0us9thk\desktop\poo1718\tp_poo\tp_poo\debug\mundo.obj
c:\users\pedro franco.desktop-0us9thk\desktop\poo1718\tp_poo\tp_poo\debug\ninho.obj
c:\users\pedro franco.desktop-0us9thk\desktop\poo1718\tp_poo\tp_poo\debug\regra.obj
c:\users\pedro franco.desktop-0us9thk\desktop\poo1718\tp_poo\tp_poo\debug\simulacao.obj
c:\users\pedro franco.desktop-0us9thk\desktop\poo1718\tp_poo\tp_poo\debug\tppoo.obj
c:\users\pedro franco.desktop-0us9thk\desktop\poo1718\tp_poo\debug\tp_poo.exe
c:\users\pedro franco.desktop-0us9thk\desktop\poo1718\tp_poo\debug\tp_poo.ilk
c:\users\pedro franco.desktop-0us9thk\desktop\poo1718\tp_poo\debug\tp_poo.pdb
c:\users\pedro franco.desktop-0us9thk\desktop\poo1718\tp_poo\tp_poo\debug\stdafx.obj
c:\users\pedro franco.desktop-0us9thk\desktop\poo1718\tp_poo\tp_poo\debug\tp_poo.pch
c:\users\pedro franco.desktop-0us9thk\desktop\poo1718\tp_poo\tp_poo\debug\tp_poo.tlog\cl.command.1.tlog
c:\users\pedro franco.desktop-0us9thk\desktop\poo1718\tp_poo\tp_poo\debug\tp_poo.tlog\cl.read.1.tlog
c:\users\pedro franco.desktop-0us9thk\desktop\poo1718\tp_poo\tp_poo\debug\tp_poo.tlog\cl.write.1.tlog
c:\users\pedro franco.desktop-0us9thk\desktop\poo1718\tp_poo\tp_poo\debug\tp_poo.tlog\link.command.1.tlog
c:\users\pedro franco.desktop-0us9thk\desktop\poo1718\tp_poo\tp_poo\debug\tp_poo.tlog\link.read.1.tlog
c:\users\pedro franco.desktop-0us9thk\desktop\poo1718\tp_poo\tp_poo\debug\tp_poo.tlog\link.write.1.tlog
